<?xml version="1.0" encoding="UTF-8"?>
<!-- Generated by org.testng.reporters.JUnitReportReporter -->
<testsuite skipped="0" hostname="iMac.local" name="BeersAmountTest" tests="2" failures="0" timestamp="2023-01-04T11:54:19 WITA" time="1.235" errors="0">
  <testcase name="testGetAllBeers" time="0.570" classname="BeersAmountTest"/>
  <system-out/>
  <testcase name="testGetBeers" time="0.665" classname="BeersAmountTest"/>
  <system-out/>
</testsuite> <!-- BeersAmountTest -->
